{'extraCredit': 2,
 'fatalError': False,
 'maxExtraCredit': 5,
 'maxTotalPoints': 12,
 'messages': [],
 'mode': 'auto',
 'parts': [{'description': '',
            'extraCredit': False,
            'maxPoints': 0,
            'maxSeconds': 5,
            'messages': [],
            'name': 'writeupValid',
            'points': 0,
            'seconds': 0},
           {'description': 'Tests minimax for timeout on smallClassic.',
            'extraCredit': False,
            'maxPoints': 4,
            'maxSeconds': 10,
            'messages': [],
            'name': '1b-1-basic',
            'points': 4,
            'seconds': 0},
           {'description': 'Tests minimax for off by one bug on smallClassic.',
            'extraCredit': False,
            'maxPoints': 2,
            'maxSeconds': 10,
            'messages': [],
            'name': '1b-1-hidden',
            'points': 2,
            'seconds': 0},
           {'description': 'Tests minimax for search depth bug on smallClassic.',
            'extraCredit': False,
            'maxPoints': 2,
            'maxSeconds': 10,
            'messages': [],
            'name': '1b-2-hidden',
            'points': 2,
            'seconds': 0},
           {'description': 'Tests minimax for suboptimal moves on smallClassic.',
            'extraCredit': False,
            'maxPoints': 2,
            'maxSeconds': 10,
            'messages': [],
            'name': '1b-3-hidden',
            'points': 2,
            'seconds': 0},
           {'description': 'Tests alphabeta for timeout on smallClassic.',
            'extraCredit': False,
            'maxPoints': 4,
            'maxSeconds': 5,
            'messages': [],
            'name': '2a-0',
            'points': 4,
            'seconds': 0},
           {'description': 'Tests alphabeta for off by one bug on smallClassic.',
            'extraCredit': False,
            'maxPoints': 2,
            'maxSeconds': 10,
            'messages': [],
            'name': '2a-1-hidden',
            'points': 2,
            'seconds': 0},
           {'description': 'Tests alphabeta for search depth bug on smallClassic.',
            'extraCredit': False,
            'maxPoints': 2,
            'maxSeconds': 10,
            'messages': [],
            'name': '2a-2-hidden',
            'points': 2,
            'seconds': 0},
           {'description': 'Tests alphabeta for suboptimal moves on smallClassic.',
            'extraCredit': False,
            'maxPoints': 2,
            'maxSeconds': 10,
            'messages': [],
            'name': '2a-3-hidden',
            'points': 2,
            'seconds': 0},
           {'description': 'Tests expectimax for timeout on smallClassic.',
            'extraCredit': False,
            'maxPoints': 4,
            'maxSeconds': 10,
            'messages': [],
            'name': '3b-0-basic',
            'points': 4,
            'seconds': 0},
           {'description': 'Tests expectimax for off by one bug on smallClassic.',
            'extraCredit': False,
            'maxPoints': 2,
            'maxSeconds': 10,
            'messages': [],
            'name': '3b-1-hidden',
            'points': 2,
            'seconds': 0},
           {'description': 'Tests expectimax for search depth bug on smallClassic.',
            'extraCredit': False,
            'maxPoints': 2,
            'maxSeconds': 10,
            'messages': [],
            'name': '3b-2-hidden',
            'points': 2,
            'seconds': 0},
           {'description': 'Tests expectimax for suboptimal moves on smallClassic.',
            'extraCredit': False,
            'maxPoints': 2,
            'maxSeconds': 10,
            'messages': [],
            'name': '3b-3-hidden',
            'points': 2,
            'seconds': 0},
           {'description': 'Check if score at least 1300 on smallClassic.',
            'extraCredit': True,
            'maxPoints': 1,
            'maxSeconds': 5,
            'messages': [],
            'name': '4a-1-basic',
            'points': 1,
            'seconds': 9,
            'side': {'score': 1484.8947368421052}},
           {'description': 'Check if score at least 1400 on smallClassic.',
            'extraCredit': True,
            'maxPoints': 1,
            'maxSeconds': 5,
            'messages': [],
            'name': '4a-2-basic',
            'points': 1,
            'seconds': 0},
           {'description': 'Check if score at least 1500 on smallClassic.',
            'extraCredit': True,
            'maxPoints': 1,
            'maxSeconds': 5,
            'messages': [],
            'name': '4a-3-basic',
            'points': 0,
            'seconds': 0},
           {'description': 'Check if score at least 1600 on smallClassic.',
            'extraCredit': True,
            'maxPoints': 1,
            'maxSeconds': 5,
            'messages': [],
            'name': '4a-4-basic',
            'points': 0,
            'seconds': 0},
           {'description': 'Check if score at least 1700 on smallClassic.',
            'extraCredit': True,
            'maxPoints': 1,
            'maxSeconds': 5,
            'messages': [],
            'name': '4a-5-basic',
            'points': 0,
            'seconds': 0}],
 'totalPoints': 12}
