{'fatalError': False,
 'maxTotalPoints': 16,
 'messages': [],
 'mode': 'auto',
 'parts': [{'description': '',
            'extraCredit': False,
            'maxPoints': 1,
            'maxSeconds': 5,
            'messages': [],
            'name': 'writeupValid',
            'points': 1,
            'seconds': 0},
           {'description': 'basic test',
            'extraCredit': False,
            'maxPoints': 1,
            'maxSeconds': 1,
            'messages': [],
            'name': '3a-0-basic',
            'points': 1,
            'seconds': 0},
           {'description': 'test multiple instances of the same word in a sentence',
            'extraCredit': False,
            'maxPoints': 1,
            'maxSeconds': 1,
            'messages': [],
            'name': '3a-1-hidden',
            'points': 0,
            'seconds': 0},
           {'description': 'basic sanity check for learning correct weights on two training and testing examples each',
            'extraCredit': False,
            'maxPoints': 1,
            'maxSeconds': 1,
            'messages': [],
            'name': '3b-0-basic',
            'points': 1,
            'seconds': 0},
           {'description': 'test correct overriding of positive weight due to one negative instance with repeated words',
            'extraCredit': False,
            'maxPoints': 1,
            'maxSeconds': 1,
            'messages': [],
            'name': '3b-1-basic',
            'points': 1,
            'seconds': 0},
           {'description': 'test classifier on real polarity dev dataset',
            'extraCredit': False,
            'maxPoints': 2,
            'maxSeconds': 20,
            'messages': [],
            'name': '3b-2-basic',
            'points': 2,
            'seconds': 9},
           {'description': 'test correct generation of random dataset labels',
            'extraCredit': False,
            'maxPoints': 1,
            'maxSeconds': 1,
            'messages': [],
            'name': '3c-0-basic',
            'points': 1,
            'seconds': 0},
           {'description': 'test that the randomly generated example actually coincides with the given weights',
            'extraCredit': False,
            'maxPoints': 1,
            'maxSeconds': 1,
            'messages': [],
            'name': '3c-1-basic',
            'points': 1,
            'seconds': 0},
           {'description': 'test basic character n-gram features',
            'extraCredit': False,
            'maxPoints': 1,
            'maxSeconds': 1,
            'messages': [],
            'name': '3e-0-basic',
            'points': 1,
            'seconds': 0},
           {'description': 'test feature extraction on repeated character n-grams',
            'extraCredit': False,
            'maxPoints': 1,
            'maxSeconds': 1,
            'messages': [],
            'name': '3e-1-hidden',
            'points': 0,
            'seconds': 0},
           {'description': 'test basic k-means on hardcoded datapoints',
            'extraCredit': False,
            'maxPoints': 1,
            'maxSeconds': 1,
            'messages': [],
            'name': '4b-0-basic',
            'points': 1,
            'seconds': 0},
           {'description': 'test stability of cluster assignments',
            'extraCredit': False,
            'maxPoints': 1,
            'maxSeconds': 3,
            'messages': [],
            'name': '4b-1-hidden',
            'points': 0,
            'seconds': 0},
           {'description': 'test stability of cluster locations',
            'extraCredit': False,
            'maxPoints': 1,
            'maxSeconds': 3,
            'messages': [],
            'name': '4b-2-hidden',
            'points': 0,
            'seconds': 0},
           {'description': 'make sure the code runs fast enough',
            'extraCredit': False,
            'maxPoints': 2,
            'maxSeconds': 4,
            'messages': [],
            'name': '4b-3-basic',
            'points': 2,
            'seconds': 1}],
 'totalPoints': 12}
