{'extraCredit': 6,
 'fatalError': False,
 'maxExtraCredit': 10,
 'maxTotalPoints': 30,
 'messages': [],
 'mode': 'auto',
 'parts': [{'description': 'Test formula 1a implementation',
            'extraCredit': False,
            'maxPoints': 2,
            'maxSeconds': 5,
            'messages': ['You matched the 7 models',
                         "Example model: set(['Summer', 'Rain'])"],
            'name': '1a',
            'points': 2,
            'seconds': 0},
           {'description': 'Test formula 1b implementation',
            'extraCredit': False,
            'maxPoints': 2,
            'maxSeconds': 5,
            'messages': ['You matched the 4 models',
                         "Example model: set(['Sprinklers', 'Wet'])"],
            'name': '1b',
            'points': 2,
            'seconds': 0},
           {'description': 'Test formula 1c implementation',
            'extraCredit': False,
            'maxPoints': 2,
            'maxSeconds': 5,
            'messages': ['You matched the 2 models',
                         "Example model: set(['Day'])"],
            'name': '1c',
            'points': 2,
            'seconds': 0},
           {'description': 'Test formula 2a implementation',
            'extraCredit': False,
            'maxPoints': 2,
            'maxSeconds': 5,
            'messages': ['You matched the 343 models',
                         "Example model: set(['Mother(o3,o2)', 'Person(o3)', 'Mother(o1,o3)', 'Mother(o2,o3)', 'Person(o2)'])"],
            'name': '2a',
            'points': 2,
            'seconds': 0},
           {'description': 'Test formula 2b implementation',
            'extraCredit': False,
            'maxPoints': 2,
            'maxSeconds': 5,
            'messages': ['You matched the 169 models',
                         "Example model: set(['Person(o3)', 'Child(o1,o2)', 'Child(o2,o3)', 'Child(o2,o1)', 'Person(o1)', 'Person(o2)'])"],
            'name': '2b',
            'points': 2,
            'seconds': 0},
           {'description': 'Test formula 2c implementation',
            'extraCredit': False,
            'maxPoints': 2,
            'maxSeconds': 5,
            'messages': ['You matched the 512 models',
                         "Example model: set(['Female(o3)', 'Child(o1,o2)', 'Child(o3,o1)', 'Female(o2)', 'Daughter(o1,o2)'])"],
            'name': '2c',
            'points': 2,
            'seconds': 0},
           {'description': 'Test formula 2d implementation',
            'extraCredit': False,
            'maxPoints': 2,
            'maxSeconds': 5,
            'messages': ['You matched the 512 models',
                         "Example model: set(['Grandmother(o1,o3)', 'Parent(o1,o2)', 'Parent(o2,o3)', 'Parent(o1,o3)', 'Female(o3)'])"],
            'name': '2d',
            'points': 2,
            'seconds': 0},
           {'description': 'test implementation of statement 0 for 3a',
            'extraCredit': False,
            'maxPoints': 1,
            'maxSeconds': 10000,
            'messages': ['You matched the 2 models',
                         "Example model: set(['TellTruth(john)'])"],
            'name': '3a-0',
            'points': 1,
            'seconds': 0},
           {'description': 'test implementation of statement 1 for 3a',
            'extraCredit': False,
            'maxPoints': 1,
            'maxSeconds': 10000,
            'messages': ['You matched the 2 models',
                         'Example model: set([])'],
            'name': '3a-1',
            'points': 1,
            'seconds': 0},
           {'description': 'test implementation of statement 2 for 3a',
            'extraCredit': False,
            'maxPoints': 1,
            'maxSeconds': 10000,
            'messages': ['You matched the 2 models',
                         "Example model: set(['CrashedServer(susan)', 'TellTruth(mark)'])"],
            'name': '3a-2',
            'points': 1,
            'seconds': 0},
           {'description': 'test implementation of statement 3 for 3a',
            'extraCredit': False,
            'maxPoints': 1,
            'maxSeconds': 10000,
            'messages': ['You matched the 2 models',
                         "Example model: set(['TellTruth(susan)'])"],
            'name': '3a-3',
            'points': 1,
            'seconds': 0},
           {'description': 'test implementation of statement 4 for 3a',
            'extraCredit': False,
            'maxPoints': 1,
            'maxSeconds': 10000,
            'messages': ['You matched the 4 models',
                         "Example model: set(['TellTruth(susan)'])"],
            'name': '3a-4',
            'points': 1,
            'seconds': 0},
           {'description': 'test implementation of statement 5 for 3a',
            'extraCredit': False,
            'maxPoints': 1,
            'maxSeconds': 10000,
            'messages': ['You matched the 4 models',
                         "Example model: set(['CrashedServer(nicole)'])"],
            'name': '3a-5',
            'points': 1,
            'seconds': 0},
           {'description': 'test implementation of all for 3a',
            'extraCredit': False,
            'maxPoints': 1,
            'maxSeconds': 10000,
            'messages': ['You matched the 1 models',
                         "Example model: set(['CrashedServer(john)', 'TellTruth(nicole)'])"],
            'name': '3a-all',
            'points': 1,
            'seconds': 0},
           {'description': 'test implementation of run for 3a',
            'extraCredit': False,
            'maxPoints': 1,
            'maxSeconds': 10000,
            'messages': [],
            'name': '3a-run',
            'points': 1,
            'seconds': 0},
           {'description': 'test implementation of statement 0 for 5a',
            'extraCredit': False,
            'maxPoints': 1,
            'maxSeconds': 10000,
            'messages': ['You matched the 8 models',
                         "Example model: set(['Successor(o3,o1)', 'Successor(o1,o2)', 'Successor(o2,o3)'])"],
            'name': '5a-0',
            'points': 1,
            'seconds': 0},
           {'description': 'test implementation of statement 1 for 5a',
            'extraCredit': False,
            'maxPoints': 1,
            'maxSeconds': 10000,
            'messages': ['You matched the 8 models',
                         "Example model: set(['Even(o2)', 'Even(o1)', 'Odd(o3)'])"],
            'name': '5a-1',
            'points': 1,
            'seconds': 0},
           {'description': 'test implementation of statement 2 for 5a',
            'extraCredit': False,
            'maxPoints': 1,
            'maxSeconds': 10000,
            'messages': ['You matched the 13009 models',
                         "Example model: set(['Successor(o3,o2)', 'Odd(o2)', 'Even(o2)', 'Even(o1)'])"],
            'name': '5a-2',
            'points': 1,
            'seconds': 1},
           {'description': 'test implementation of statement 3 for 5a',
            'extraCredit': False,
            'maxPoints': 1,
            'maxSeconds': 10000,
            'messages': ['You matched the 13009 models',
                         "Example model: set(['Successor(o3,o2)', 'Successor(o2,o3)', 'Odd(o2)', 'Successor(o3,o1)', 'Even(o3)', 'Even(o2)', 'Successor(o1,o3)', 'Successor(o1,o2)', 'Successor(o1,o1)'])"],
            'name': '5a-3',
            'points': 1,
            'seconds': 1},
           {'description': 'test implementation of statement 4 for 5a',
            'extraCredit': False,
            'maxPoints': 1,
            'maxSeconds': 10000,
            'messages': ['You matched the 19683 models',
                         "Example model: set(['Larger(o2,o1)', 'Larger(o1,o1)', 'Successor(o2,o2)', 'Larger(o2,o2)', 'Larger(o1,o2)', 'Successor(o3,o3)', 'Larger(o3,o2)', 'Larger(o2,o3)', 'Larger(o3,o3)', 'Successor(o1,o2)', 'Successor(o2,o1)'])"],
            'name': '5a-4',
            'points': 1,
            'seconds': 3},
           {'description': 'test implementation of statement 5 for 5a',
            'extraCredit': False,
            'maxPoints': 1,
            'maxSeconds': 10000,
            'messages': ['You matched the 171 models',
                         "Example model: set(['Larger(o2,o1)', 'Larger(o2,o2)', 'Larger(o3,o1)', 'Larger(o2,o3)', 'Larger(o3,o3)'])"],
            'name': '5a-5',
            'points': 1,
            'seconds': 0},
           {'description': 'test implementation of all for 5a',
            'extraCredit': False,
            'maxPoints': 1,
            'maxSeconds': 10000,
            'messages': ['You matched the 36 models',
                         "Example model: set(['Larger(o1,o1)', 'Successor(o2,o3)', 'Odd(o2)', 'Successor(o3,o1)', 'Larger(o3,o3)', 'Odd(o1)', 'Larger(o1,o2)', 'Even(o3)', 'Larger(o3,o2)', 'Larger(o1,o3)', 'Larger(o2,o2)', 'Successor(o1,o3)', 'Larger(o3,o1)'])"],
            'name': '5a-all',
            'points': 1,
            'seconds': 0},
           {'description': 'test implementation of run for 5a',
            'extraCredit': False,
            'maxPoints': 1,
            'maxSeconds': 10000,
            'messages': [],
            'name': '5a-run',
            'points': 1,
            'seconds': 0},
           {'description': 'Check basic behavior of rule',
            'extraCredit': True,
            'maxPoints': 1,
            'maxSeconds': 60,
            'messages': [],
            'name': '6a-1',
            'points': 1,
            'seconds': 0},
           {'description': 'Check basic behavior of rule',
            'extraCredit': True,
            'maxPoints': 1,
            'maxSeconds': 60,
            'messages': ["Expected 'CONTINGENT', but got 'ENTAILMENT'"],
            'name': '6a-2',
            'points': 0,
            'seconds': 0},
           {'description': 'Check basic behavior of rule',
            'extraCredit': True,
            'maxPoints': 1,
            'maxSeconds': 60,
            'messages': [],
            'name': '6a-3',
            'points': 1,
            'seconds': 0},
           {'description': 'Check basic behavior of rule',
            'extraCredit': True,
            'maxPoints': 1,
            'maxSeconds': 60,
            'messages': [],
            'name': '6a-4',
            'points': 1,
            'seconds': 0},
           {'description': 'Check basic behavior of rule',
            'extraCredit': True,
            'maxPoints': 1,
            'maxSeconds': 60,
            'messages': ["Expected 'ENTAILMENT', but got 'CONTINGENT'"],
            'name': '6b-1',
            'points': 0,
            'seconds': 0},
           {'description': 'Check basic behavior of rule',
            'extraCredit': True,
            'maxPoints': 1,
            'maxSeconds': 60,
            'messages': ["Expected 'ENTAILMENT', but got 'CONTINGENT'"],
            'name': '6b-2',
            'points': 0,
            'seconds': 0},
           {'description': 'Check basic behavior of rule',
            'extraCredit': True,
            'maxPoints': 1,
            'maxSeconds': 60,
            'messages': [],
            'name': '6b-3',
            'points': 1,
            'seconds': 0},
           {'description': 'Check basic behavior of rule',
            'extraCredit': True,
            'maxPoints': 1,
            'maxSeconds': 60,
            'messages': [],
            'name': '6c-1',
            'points': 1,
            'seconds': 0},
           {'description': 'Check basic behavior of rule',
            'extraCredit': True,
            'maxPoints': 1,
            'maxSeconds': 60,
            'messages': ["Expected 'ENTAILMENT', but got 'CONTINGENT'"],
            'name': '6c-2',
            'points': 0,
            'seconds': 0},
           {'description': 'Check basic behavior of rule',
            'extraCredit': True,
            'maxPoints': 1,
            'maxSeconds': 60,
            'messages': [],
            'name': '6c-3',
            'points': 1,
            'seconds': 0}],
 'totalPoints': 30}
